app/build/intermediates/manifest_merge_blame_file/debug/manifest-merger-blame-debug-report.txt
1<?xml version="1.0" encoding="utf-8"?>
2<manifest xmlns:android="http://schemas.android.com/apk/res/android"
3    package="org.tensorflow.codelabs.objectdetection"
4    android:versionCode="1"
5    android:versionName="1.0" >
6
7    <uses-sdk
8        android:minSdkVersion="23"
8-->src/main/AndroidManifest.xml
9        android:targetSdkVersion="30" />
9-->src/main/AndroidManifest.xml
10
11    <uses-permission android:name="android.permission.INTERNET" />
11-->src/main/AndroidManifest.xml:5:5-66
11-->src/main/AndroidManifest.xml:5:22-64
12
13    <queries>
13-->src/main/AndroidManifest.xml:7:5-11:15
14        <intent>
14-->src/main/AndroidManifest.xml:8:9-10:18
15            <action android:name="android.media.action.IMAGE_CAPTURE" />
15-->src/main/AndroidManifest.xml:9:13-73
15-->src/main/AndroidManifest.xml:9:21-70
16        </intent>
17    </queries>
18
19    <uses-permission android:name="android.permission.WRITE_EXTERNAL_STORAGE" />
20    <uses-permission android:name="android.permission.READ_PHONE_STATE" />
21    <uses-permission android:name="android.permission.READ_EXTERNAL_STORAGE" />
22
23    <application
23-->src/main/AndroidManifest.xml:13:5-37:19
24        android:allowBackup="true"
24-->src/main/AndroidManifest.xml:14:9-35
25        android:appComponentFactory="androidx.core.app.CoreComponentFactory"
25-->[androidx.core:core:1.3.2] AndroidManifest.xml:24:18-86
26        android:debuggable="true"
27        android:extractNativeLibs="false"
28        android:icon="@mipmap/ic_launcher"
28-->src/main/AndroidManifest.xml:15:9-43
29        android:label="@string/app_name"
29-->src/main/AndroidManifest.xml:16:9-41
30        android:roundIcon="@mipmap/ic_launcher_round"
30-->src/main/AndroidManifest.xml:17:9-54
31        android:supportsRtl="true"
31-->src/main/AndroidManifest.xml:18:9-35
32        android:testOnly="true"
33        android:theme="@style/Theme.ObjectDetection" >
33-->src/main/AndroidManifest.xml:19:9-53
34        <activity android:name="org.tensorflow.codelabs.objectdetection.MainActivity" >
34-->src/main/AndroidManifest.xml:20:9-26:20
34-->src/main/AndroidManifest.xml:20:19-86
35            <intent-filter>
35-->src/main/AndroidManifest.xml:21:13-25:29
36                <action android:name="android.intent.action.MAIN" />
36-->src/main/AndroidManifest.xml:22:17-69
36-->src/main/AndroidManifest.xml:22:25-66
37
38                <category android:name="android.intent.category.LAUNCHER" />
38-->src/main/AndroidManifest.xml:24:17-77
38-->src/main/AndroidManifest.xml:24:27-74
39            </intent-filter>
40        </activity>
41
42        <provider
42-->src/main/AndroidManifest.xml:28:9-36:20
43            android:name="androidx.core.content.FileProvider"
43-->src/main/AndroidManifest.xml:29:13-62
44            android:authorities="org.tensorflow.codelabs.objectdetection.fileprovider"
44-->src/main/AndroidManifest.xml:30:13-87
45            android:exported="false"
45-->src/main/AndroidManifest.xml:31:13-37
46            android:grantUriPermissions="true" >
46-->src/main/AndroidManifest.xml:32:13-47
47            <meta-data
47-->src/main/AndroidManifest.xml:33:13-35:54
48                android:name="android.support.FILE_PROVIDER_PATHS"
48-->src/main/AndroidManifest.xml:34:17-67
49                android:resource="@xml/file_paths" />
49-->src/main/AndroidManifest.xml:35:17-51
50        </provider>
51    </application>
52
53</manifest>